<?xml version="1.0" encoding="UTF-8"?>
<!-- Generated by org.testng.reporters.JUnitXMLReporter -->
<testsuite ignored="4" hostname="SebasPc" failures="0" tests="6" name="OpenCart Automation Tests" time="573.069" errors="0" timestamp="2025-11-12T20:10:45 COT">
  <testcase classname="com.demoblaze.test.RegistroUsuarioTest" name="testRegistroUsuarios" time="231.427"/>
  <testcase classname="com.demoblaze.test.LoginTest" name="testRegistrarUsuariosParaLogin" time="86.847"/>
  <testcase classname="com.demoblaze.test.LoginTest" name="testLoginUsuarios" time="143.543"/>
  <testcase classname="com.demoblaze.test.LoginTest" name="testLoginCredencialesInvalidas" time="4.174"/>
  <testcase classname="com.demoblaze.test.BusquedaYCarritoTest" name="testBuscarYAgregarProductos" time="93.922"/>
  <testcase classname="com.demoblaze.test.BusquedaYCarritoTest" name="testVerificarProductosEnCarrito" time="13.08"/>
  <testcase classname="com.demoblaze.test.BaseTest" name="@BeforeSuite setup" time="0.0">
    <ignored/>
  </testcase> <!-- @BeforeSuite setup -->
  <testcase classname="com.demoblaze.test.BaseTest" name="@AfterSuite tearDown" time="0.0">
    <ignored/>
  </testcase> <!-- @AfterSuite tearDown -->
  <testcase classname="com.demoblaze.test.BaseTest" name="@BeforeSuite setup" time="0.0">
    <ignored/>
  </testcase> <!-- @BeforeSuite setup -->
  <testcase classname="com.demoblaze.test.BaseTest" name="@AfterSuite tearDown" time="0.0">
    <ignored/>
  </testcase> <!-- @AfterSuite tearDown -->
</testsuite> <!-- OpenCart Automation Tests -->
