<?xml version="1.0" encoding="UTF-8"?>
<!-- Generated by org.testng.reporters.JUnitXMLReporter -->
<testsuite ignored="0" hostname="SebasPc" failures="0" tests="3" name="Surefire test" time="229.03" errors="0" timestamp="2025-11-12T21:56:18 COT">
  <testcase classname="com.demoblaze.test.ComprarTest" name="testRegistroYLogin" time="147.298"/>
  <testcase classname="com.demoblaze.test.ComprarTest" name="testAgregarProductos" time="42.82"/>
  <testcase classname="com.demoblaze.test.ComprarTest" name="testCheckout" time="38.706"/>
</testsuite> <!-- Surefire test -->
