<?xml version="1.0" encoding="UTF-8"?>
<!-- Generated by org.testng.reporters.JUnitXMLReporter -->
<testsuite ignored="0" hostname="SebasPc" failures="1" tests="1" name="Surefire test" time="663.694" errors="0" timestamp="2025-11-12T20:52:48 COT">
  <testcase classname="com.demoblaze.test.RegistroUsuarioTest" name="testRegistroUsuarios" time="663.606">
    <failure type="java.lang.AssertionError" message="The following asserts failed:
	Error al registrar usuario: maria.gonzalez+20251112_204143@test.com - ">
      <![CDATA[java.lang.AssertionError: The following asserts failed:
Error al registrar usuario: maria.gonzalez+20251112_204143@test.com - 
at com.demoblaze.test.RegistroUsuarioTest.testRegistroUsuarios(RegistroUsuarioTest.java:112)
at java.base/java.util.ArrayList.forEach(ArrayList.java:1596)
... Removed 32 stack frames]]>
    </failure>
  </testcase> <!-- testRegistroUsuarios -->
</testsuite> <!-- Surefire test -->
