<?xml version="1.0" encoding="UTF-8"?>
<!-- Generated by org.testng.reporters.JUnitXMLReporter -->
<testsuite ignored="0" hostname="SebasPc" failures="1" tests="2" name="Surefire test" time="163.066" errors="0" timestamp="2025-11-10T12:12:45 COT">
  <testcase classname="com.demoblaze.test.BusquedaYCarritoTest" name="testBuscarYAgregarProductos" time="161.646">
    <failure type="java.lang.AssertionError" message="The following asserts failed:
	No se pudo agregar al carrito: HP LP3065,
	No se pudo agregar al carrito: MacBook,
	No se pudo agregar al carrito: Apple Cinema 30">
      <![CDATA[java.lang.AssertionError: The following asserts failed:
No se pudo agregar al carrito: HP LP3065,
No se pudo agregar al carrito: MacBook,
No se pudo agregar al carrito: Apple Cinema 30
at com.demoblaze.test.BusquedaYCarritoTest.testBuscarYAgregarProductos(BusquedaYCarritoTest.java:138)
at java.base/java.util.ArrayList.forEach(ArrayList.java:1596)
... Removed 32 stack frames]]>
    </failure>
  </testcase> <!-- testBuscarYAgregarProductos -->
  <testcase classname="com.demoblaze.test.BusquedaYCarritoTest" name="testVerificarProductosEnCarrito" time="0.0">
    <skipped/>
  </testcase> <!-- testVerificarProductosEnCarrito -->
</testsuite> <!-- Surefire test -->
