<?xml version="1.0" encoding="UTF-8"?>
<testsuite xmlns:xsi="http://www.w3.org/2001/XMLSchema-instance" xsi:noNamespaceSchemaLocation="https://maven.apache.org/surefire/maven-surefire-plugin/xsd/surefire-test-report-3.0.xsd" version="3.0" name="com.demoblaze.test.RegistroUsuarioTest" time="666.467" tests="1" errors="0" skipped="0" failures="1">
  <properties>
[...]
</properties>
  <testcase name="testRegistroUsuarios" classname="com.demoblaze.test.RegistroUsuarioTest" time="663.615">
    <failure message="The following asserts failed:&#10;	Error al registrar usuario: maria.gonzalez+20251112_204143@test.com - " type="java.lang.AssertionError"><![CDATA[java.lang.AssertionError: 
The following asserts failed:
	Error al registrar usuario: maria.gonzalez+20251112_204143@test.com - 
	at org.testng.asserts.SoftAssert.assertAll(SoftAssert.java:46)
	at org.testng.asserts.SoftAssert.assertAll(SoftAssert.java:30)
	at com.demoblaze.test.RegistroUsuarioTest.testRegistroUsuarios(RegistroUsuarioTest.java:112)
	at java.base/jdk.internal.reflect.DirectMethodHandleAccessor.invoke(DirectMethodHandleAccessor.java:103)
	at java.base/java.lang.reflect.Method.invoke(Method.java:580)
	at org.testng.internal.invokers.MethodInvocationHelper.invokeMethod(MethodInvocationHelper.java:141)
	at org.testng.internal.invokers.TestInvoker.invokeMethod(TestInvoker.java:687)
	at org.testng.internal.invokers.TestInvoker.invokeTestMethod(TestInvoker.java:230)
	at org.testng.internal.invokers.MethodRunner.runInSequence(MethodRunner.java:63)
	at org.testng.internal.invokers.TestInvoker$MethodInvocationAgent.invoke(TestInvoker.java:995)
	at org.testng.internal.invokers.TestInvoker.invokeTestMethods(TestInvoker.java:203)
	at org.testng.internal.invokers.TestMethodWorker.invokeTestMethods(TestMethodWorker.java:154)
	at org.testng.internal.invokers.TestMethodWorker.run(TestMethodWorker.java:134)
	at java.base/java.util.ArrayList.forEach(ArrayList.java:1596)
	at org.testng.TestRunner.privateRun(TestRunner.java:741)
	at org.testng.TestRunner.run(TestRunner.java:616)
	at org.testng.SuiteRunner.runTest(SuiteRunner.java:421)
	at org.testng.SuiteRunner.runSequentially(SuiteRunner.java:413)
	at org.testng.SuiteRunner.privateRun(SuiteRunner.java:373)
	at org.testng.SuiteRunner.run(SuiteRunner.java:312)
	at org.testng.SuiteRunnerWorker.runSuite(SuiteRunnerWorker.java:52)
	at org.testng.SuiteRunnerWorker.run(SuiteRunnerWorker.java:95)
	at org.testng.TestNG.runSuitesSequentially(TestNG.java:1274)
	at org.testng.TestNG.runSuitesLocally(TestNG.java:1208)
	at org.testng.TestNG.runSuites(TestNG.java:1112)
	at org.testng.TestNG.run(TestNG.java:1079)
	at org.apache.maven.surefire.testng.TestNGExecutor.run(TestNGExecutor.java:155)
	at org.apache.maven.surefire.testng.TestNGDirectoryTestSuite.executeSingleClass(TestNGDirectoryTestSuite.java:102)
	at org.apache.maven.surefire.testng.TestNGDirectoryTestSuite.execute(TestNGDirectoryTestSuite.java:91)
	at org.apache.maven.surefire.testng.TestNGProvider.invoke(TestNGProvider.java:137)
	at org.apache.maven.surefire.booter.ForkedBooter.runSuitesInProcess(ForkedBooter.java:385)
	at org.apache.maven.surefire.booter.ForkedBooter.execute(ForkedBooter.java:162)
	at org.apache.maven.surefire.booter.ForkedBooter.run(ForkedBooter.java:507)
	at org.apache.maven.surefire.booter.ForkedBooter.main(ForkedBooter.java:495)
]]></failure>
    <system-out><![CDATA[========================================
Eliminando testData.xlsx previo para regenerar datos coherentes...
========================================
========================================
Generando testData.xlsx para esta ejecución...
========================================
✓ Archivo Excel creado exitosamente en: src/main/resources/testData.xlsx
✓ Archivo Excel generado exitosamente
   Tamaño: 5390 bytes
========================================

=== Registrando usuario 1/5: juan.perez+20251112_204143@test.com ===
✓ Formulario de registro cargado correctamente
   → Llenando formulario de registro...
   → Aceptando política de privacidad...
   → Enviando formulario...
✓ Registro completado exitosamente
   → Buscando botón Continue en página de confirmación...
✓ Salimos de la página de éxito
   → Verificando y cerrando sesión si está activa...
   → Haciendo logout después del registro...
✓ Logout exitoso - página de 'Account Logout' visible
✓ Registro exitoso para: juan.perez+20251112_204143@test.com

=== Registrando usuario 2/5: maria.gonzalez+20251112_204143@test.com ===
✓ Formulario de registro cargado correctamente
   → Llenando formulario de registro...
   → Aceptando política de privacidad...
✗ Excepción durante el registro: element click intercepted: Element <input type="checkbox" name="agree" value="1"> is not clickable at point (644, 671). Other element would receive the click: <img class="bitnami-corner-image" alt="Bitnami" src="/bitnami/images/corner-logo.png" data-pagespeed-url-hash="828091947" onload="pagespeed.CriticalImages.checkImageForCriticality(this);">
  (Session info: chrome=142.0.7444.135)
Build info: version: '4.35.0', revision: '1c58e5028b'
System info: os.name: 'Windows 11', os.arch: 'amd64', os.version: '10.0', java.version: '21.0.8'
Driver info: org.openqa.selenium.chrome.ChromeDriver
Command: [857b58637993ef302d0819d4ad85e495, clickElement {id=f.FBD79EB4EF3BE683A60DD8A63EDF6B36.d.BB631D70EB462BD4C8EEC0143F7E72A8.e.162}]
Capabilities {acceptInsecureCerts: false, browserName: chrome, browserVersion: 142.0.7444.135, chrome: {chromedriverVersion: 142.0.7444.162 (c076baf266c..., userDataDir: C:\Users\sebas\AppData\Loca...}, fedcm:accounts: true, goog:chromeOptions: {debuggerAddress: localhost:55670}, goog:processID: 37784, networkConnectionEnabled: false, pageLoadStrategy: normal, platformName: windows, proxy: Proxy(), se:cdp: ws://localhost:55670/devtoo..., se:cdpVersion: 142.0.7444.135, setWindowRect: true, strictFileInteractability: false, timeouts: {implicit: 0, pageLoad: 300000, script: 30000}, unhandledPromptBehavior: dismiss and notify, webauthn:extension:credBlob: true, webauthn:extension:largeBlob: true, webauthn:extension:minPinLength: true, webauthn:extension:prf: true, webauthn:virtualAuthenticators: true}
Element: [[ChromeDriver: chrome on windows (857b58637993ef302d0819d4ad85e495)] -> name: agree]
Session ID: 857b58637993ef302d0819d4ad85e495
   → Verificando y cerrando sesión si está activa...
   → Haciendo logout después del registro...
⚠ No se pudo hacer clic en Logout directamente: Expected condition failed: waiting for element to be clickable: Proxy element for: DefaultElementLocator 'By.linkText: Logout' (tried for 10 second(s) with 500 milliseconds interval)
⚠ No se confirmó página de logout, limpiando sesión por seguridad
✗ Error al registrar: maria.gonzalez+20251112_204143@test.com - 

=== Registrando usuario 3/5: carlos.rodriguez+20251112_204143@test.com ===
✓ Formulario de registro cargado correctamente
   → Llenando formulario de registro...
   → Aceptando política de privacidad...
   → Enviando formulario...
✓ Registro completado exitosamente
   → Buscando botón Continue en página de confirmación...
✓ Salimos de la página de éxito
   → Verificando y cerrando sesión si está activa...
   → Haciendo logout después del registro...
✓ Logout exitoso - página de 'Account Logout' visible
✓ Registro exitoso para: carlos.rodriguez+20251112_204143@test.com

=== Registrando usuario 4/5: ana.martinez+20251112_204143@test.com ===
✓ Formulario de registro cargado correctamente
   → Llenando formulario de registro...
   → Aceptando política de privacidad...
   → Enviando formulario...
✓ Registro completado exitosamente
   → Buscando botón Continue en página de confirmación...
✓ Salimos de la página de éxito
   → Verificando y cerrando sesión si está activa...
   → Haciendo logout después del registro...
✓ Logout exitoso - página de 'Account Logout' visible
✓ Registro exitoso para: ana.martinez+20251112_204143@test.com

=== Registrando usuario 5/5: luis.garcia+20251112_204143@test.com ===
✓ Formulario de registro cargado correctamente
   → Llenando formulario de registro...
   → Aceptando política de privacidad...
   → Enviando formulario...
✓ Registro completado exitosamente
   → Buscando botón Continue en página de confirmación...
✓ Salimos de la página de éxito
   → Verificando y cerrando sesión si está activa...
   → Haciendo logout después del registro...
✓ Logout exitoso - página de 'Account Logout' visible
✓ Registro exitoso para: luis.garcia+20251112_204143@test.com

========================================
RESUMEN: 4 exitosos, 1 fallidos de 5 totales
========================================
]]></system-out>
    <system-err><![CDATA[[main] INFO io.github.bonigarcia.wdm.WebDriverManager - Using chromedriver 142.0.7444.162 (resolved driver for Chrome 142)
[main] INFO io.github.bonigarcia.wdm.WebDriverManager - Exporting webdriver.chrome.driver as C:\Users\sebas\.cache\selenium\chromedriver\win64\142.0.7444.162\chromedriver.exe
nov 12, 2025 8:41:45 P. M. org.openqa.selenium.devtools.CdpVersionFinder findNearestMatch
WARNING: Unable to find an exact match for CDP version 142, returning the closest version; found: 139; Please update to a Selenium version that supports CDP version 142
org.openqa.selenium.ElementClickInterceptedException: element click intercepted: Element <input type="checkbox" name="agree" value="1"> is not clickable at point (644, 671). Other element would receive the click: <img class="bitnami-corner-image" alt="Bitnami" src="/bitnami/images/corner-logo.png" data-pagespeed-url-hash="828091947" onload="pagespeed.CriticalImages.checkImageForCriticality(this);">
  (Session info: chrome=142.0.7444.135)
Build info: version: '4.35.0', revision: '1c58e5028b'
System info: os.name: 'Windows 11', os.arch: 'amd64', os.version: '10.0', java.version: '21.0.8'
Driver info: org.openqa.selenium.chrome.ChromeDriver
Command: [857b58637993ef302d0819d4ad85e495, clickElement {id=f.FBD79EB4EF3BE683A60DD8A63EDF6B36.d.BB631D70EB462BD4C8EEC0143F7E72A8.e.162}]
Capabilities {acceptInsecureCerts: false, browserName: chrome, browserVersion: 142.0.7444.135, chrome: {chromedriverVersion: 142.0.7444.162 (c076baf266c..., userDataDir: C:\Users\sebas\AppData\Loca...}, fedcm:accounts: true, goog:chromeOptions: {debuggerAddress: localhost:55670}, goog:processID: 37784, networkConnectionEnabled: false, pageLoadStrategy: normal, platformName: windows, proxy: Proxy(), se:cdp: ws://localhost:55670/devtoo..., se:cdpVersion: 142.0.7444.135, setWindowRect: true, strictFileInteractability: false, timeouts: {implicit: 0, pageLoad: 300000, script: 30000}, unhandledPromptBehavior: dismiss and notify, webauthn:extension:credBlob: true, webauthn:extension:largeBlob: true, webauthn:extension:minPinLength: true, webauthn:extension:prf: true, webauthn:virtualAuthenticators: true}
Element: [[ChromeDriver: chrome on windows (857b58637993ef302d0819d4ad85e495)] -> name: agree]
Session ID: 857b58637993ef302d0819d4ad85e495
	at java.base/jdk.internal.reflect.DirectConstructorHandleAccessor.newInstance(DirectConstructorHandleAccessor.java:62)
	at java.base/java.lang.reflect.Constructor.newInstanceWithCaller(Constructor.java:502)
	at java.base/java.lang.reflect.Constructor.newInstance(Constructor.java:486)
	at org.openqa.selenium.remote.ErrorCodec.decode(ErrorCodec.java:167)
	at org.openqa.selenium.remote.codec.w3c.W3CHttpResponseCodec.decode(W3CHttpResponseCodec.java:138)
	at org.openqa.selenium.remote.codec.w3c.W3CHttpResponseCodec.decode(W3CHttpResponseCodec.java:50)
	at org.openqa.selenium.remote.HttpCommandExecutor.execute(HttpCommandExecutor.java:215)
	at org.openqa.selenium.remote.service.DriverCommandExecutor.invokeExecute(DriverCommandExecutor.java:216)
	at org.openqa.selenium.remote.service.DriverCommandExecutor.execute(DriverCommandExecutor.java:174)
	at org.openqa.selenium.remote.RemoteWebDriver.execute(RemoteWebDriver.java:557)
	at org.openqa.selenium.remote.RemoteWebElement.execute(RemoteWebElement.java:223)
	at org.openqa.selenium.remote.RemoteWebElement.click(RemoteWebElement.java:76)
	at java.base/jdk.internal.reflect.DirectMethodHandleAccessor.invoke(DirectMethodHandleAccessor.java:103)
	at java.base/java.lang.reflect.Method.invoke(Method.java:580)
	at org.openqa.selenium.support.pagefactory.internal.LocatingElementHandler.invoke(LocatingElementHandler.java:51)
	at jdk.proxy2/jdk.proxy2.$Proxy10.click(Unknown Source)
	at com.demoblaze.pages.BasePage.clickElement(BasePage.java:37)
	at com.demoblaze.pages.RegisterPage.acceptPrivacyPolicy(RegisterPage.java:129)
	at com.demoblaze.pages.RegisterPage.registerUser(RegisterPage.java:383)
	at com.demoblaze.test.RegistroUsuarioTest.testRegistroUsuarios(RegistroUsuarioTest.java:60)
	at java.base/jdk.internal.reflect.DirectMethodHandleAccessor.invoke(DirectMethodHandleAccessor.java:103)
	at java.base/java.lang.reflect.Method.invoke(Method.java:580)
	at org.testng.internal.invokers.MethodInvocationHelper.invokeMethod(MethodInvocationHelper.java:141)
	at org.testng.internal.invokers.TestInvoker.invokeMethod(TestInvoker.java:687)
	at org.testng.internal.invokers.TestInvoker.invokeTestMethod(TestInvoker.java:230)
	at org.testng.internal.invokers.MethodRunner.runInSequence(MethodRunner.java:63)
	at org.testng.internal.invokers.TestInvoker$MethodInvocationAgent.invoke(TestInvoker.java:995)
	at org.testng.internal.invokers.TestInvoker.invokeTestMethods(TestInvoker.java:203)
	at org.testng.internal.invokers.TestMethodWorker.invokeTestMethods(TestMethodWorker.java:154)
	at org.testng.internal.invokers.TestMethodWorker.run(TestMethodWorker.java:134)
	at java.base/java.util.ArrayList.forEach(ArrayList.java:1596)
	at org.testng.TestRunner.privateRun(TestRunner.java:741)
	at org.testng.TestRunner.run(TestRunner.java:616)
	at org.testng.SuiteRunner.runTest(SuiteRunner.java:421)
	at org.testng.SuiteRunner.runSequentially(SuiteRunner.java:413)
	at org.testng.SuiteRunner.privateRun(SuiteRunner.java:373)
	at org.testng.SuiteRunner.run(SuiteRunner.java:312)
	at org.testng.SuiteRunnerWorker.runSuite(SuiteRunnerWorker.java:52)
	at org.testng.SuiteRunnerWorker.run(SuiteRunnerWorker.java:95)
	at org.testng.TestNG.runSuitesSequentially(TestNG.java:1274)
	at org.testng.TestNG.runSuitesLocally(TestNG.java:1208)
	at org.testng.TestNG.runSuites(TestNG.java:1112)
	at org.testng.TestNG.run(TestNG.java:1079)
	at org.apache.maven.surefire.testng.TestNGExecutor.run(TestNGExecutor.java:155)
	at org.apache.maven.surefire.testng.TestNGDirectoryTestSuite.executeSingleClass(TestNGDirectoryTestSuite.java:102)
	at org.apache.maven.surefire.testng.TestNGDirectoryTestSuite.execute(TestNGDirectoryTestSuite.java:91)
	at org.apache.maven.surefire.testng.TestNGProvider.invoke(TestNGProvider.java:137)
	at org.apache.maven.surefire.booter.ForkedBooter.runSuitesInProcess(ForkedBooter.java:385)
	at org.apache.maven.surefire.booter.ForkedBooter.execute(ForkedBooter.java:162)
	at org.apache.maven.surefire.booter.ForkedBooter.run(ForkedBooter.java:507)
	at org.apache.maven.surefire.booter.ForkedBooter.main(ForkedBooter.java:495)
]]></system-err>
  </testcase>
</testsuite>