<?xml version="1.0" encoding="UTF-8"?>
<testsuite xmlns:xsi="http://www.w3.org/2001/XMLSchema-instance" xsi:noNamespaceSchemaLocation="https://maven.apache.org/surefire/maven-surefire-plugin/xsd/surefire-test-report-3.0.xsd" version="3.0" name="com.demoblaze.test.ComprarTest" time="231.799" tests="3" errors="0" skipped="0" failures="0">
  <properties>
[...]
</properties>
  <testcase name="testRegistroYLogin" classname="com.demoblaze.test.ComprarTest" time="147.301">
    <system-out><![CDATA[========================================
Eliminando testData.xlsx previo para regenerar datos coherentes...
========================================
========================================
Generando testData.xlsx para esta ejecución...
========================================
✓ Archivo Excel creado exitosamente en: src/main/resources/testData.xlsx
✓ Archivo Excel generado exitosamente
   Tamaño: 5390 bytes
========================================
   [Debug] Link 'Logout' NO detectado - usuario NO está logueado
✓ Formulario de registro cargado correctamente
   → Llenando formulario de registro...
   → Aceptando política de privacidad...
   → Enviando formulario...
✓ Registro completado exitosamente
   → Buscando botón Continue en página de confirmación...
✓ Salimos de la página de éxito
   → Verificando y cerrando sesión si está activa...
   → Haciendo logout después del registro...
✓ Logout exitoso - página de 'Account Logout' visible
✓ Login exitoso - Link 'Logout' visible y en página de cuenta
]]></system-out>
    <system-err><![CDATA[[main] INFO io.github.bonigarcia.wdm.WebDriverManager - Using chromedriver 142.0.7444.162 (resolved driver for Chrome 142)
[main] INFO io.github.bonigarcia.wdm.WebDriverManager - Exporting webdriver.chrome.driver as C:\Users\sebas\.cache\selenium\chromedriver\win64\142.0.7444.162\chromedriver.exe
nov 12, 2025 9:52:28 P. M. org.openqa.selenium.devtools.CdpVersionFinder findNearestMatch
WARNING: Unable to find an exact match for CDP version 142, returning the closest version; found: 139; Please update to a Selenium version that supports CDP version 142
]]></system-err>
  </testcase>
  <testcase name="testAgregarProductos" classname="com.demoblaze.test.ComprarTest" time="42.821">
    <system-out><![CDATA[   → 2 campos requeridos completados instantáneamente
   → Mensaje de éxito no visible, verificando carrito...
   → 2 campos requeridos completados instantáneamente
]]></system-out>
  </testcase>
  <testcase name="testCheckout" classname="com.demoblaze.test.ComprarTest" time="38.707">
    <system-out><![CDATA[
=== PROCESO DE CHECKOUT ===
   → Haciendo clic en Checkout...
   ✓ Página de checkout cargada
   → Llenando datos de facturación...
      • País: Colombia
      • Región/Estado deseado: Valle del Cauca
      ✓ Región seleccionada por nombre: Valle del Cauca
   ✓ Datos de facturación completados
   → Continuando con dirección de pago...
   ✓ Dirección de pago confirmada
   → Continuando con dirección de envío...
   ✓ Dirección de envío confirmada
   → Seleccionando método de envío...
   ✓ Método de envío seleccionado
   → Aceptando términos y condiciones...
   ✓ Términos aceptados y método de pago confirmado
   → Confirmando orden...
   ✓ Orden confirmada

✓ ¡COMPRA EXITOSA!
   Número de orden: N/A
]]></system-out>
  </testcase>
</testsuite>