<?xml version="1.0" encoding="UTF-8"?>
<testng-results ignored="0" total="3" passed="3" failed="0" skipped="0">
  <reporter-output>
  </reporter-output>
  <suite started-at="2025-11-12T21:52:28 COT" name="Surefire suite" finished-at="2025-11-12T21:56:18 COT" duration-ms="229030">
    <groups>
    </groups>
    <test started-at="2025-11-12T21:52:28 COT" name="Surefire test" finished-at="2025-11-12T21:56:18 COT" duration-ms="229030">
      <class name="com.demoblaze.test.ComprarTest">
        <test-method is-config="true" signature="setup()[pri:0, instance:com.demoblaze.test.ComprarTest@63355449]" started-at="2025-11-12T21:52:26 COT" name="setup" finished-at="2025-11-12T21:52:28 COT" duration-ms="2184" status="PASS">
          <reporter-output>
          </reporter-output>
        </test-method> <!-- setup -->
        <test-method is-config="true" signature="setupTest()[pri:0, instance:com.demoblaze.test.ComprarTest@63355449]" started-at="2025-11-12T21:52:28 COT" name="setupTest" finished-at="2025-11-12T21:52:29 COT" duration-ms="165" status="PASS">
          <reporter-output>
          </reporter-output>
        </test-method> <!-- setupTest -->
        <test-method signature="testRegistroYLogin()[pri:1, instance:com.demoblaze.test.ComprarTest@63355449]" started-at="2025-11-12T21:52:29 COT" name="testRegistroYLogin" description="Registrar (si es necesario) y hacer login" finished-at="2025-11-12T21:54:56 COT" duration-ms="147298" status="PASS">
          <reporter-output>
          </reporter-output>
        </test-method> <!-- testRegistroYLogin -->
        <test-method signature="testAgregarProductos()[pri:2, instance:com.demoblaze.test.ComprarTest@63355449]" started-at="2025-11-12T21:54:56 COT" name="testAgregarProductos" description="Agregar productos al carrito (2× iMac, 3× MacBook)" finished-at="2025-11-12T21:55:39 COT" depends-on-methods="com.demoblaze.test.ComprarTest.testRegistroYLogin" duration-ms="42820" status="PASS">
          <reporter-output>
          </reporter-output>
        </test-method> <!-- testAgregarProductos -->
        <test-method signature="testCheckout()[pri:3, instance:com.demoblaze.test.ComprarTest@63355449]" started-at="2025-11-12T21:55:39 COT" name="testCheckout" description="Checkout y confirmación de orden" finished-at="2025-11-12T21:56:18 COT" depends-on-methods="com.demoblaze.test.ComprarTest.testAgregarProductos" duration-ms="38706" status="PASS">
          <reporter-output>
          </reporter-output>
        </test-method> <!-- testCheckout -->
        <test-method is-config="true" signature="tearDown()[pri:0, instance:com.demoblaze.test.ComprarTest@63355449]" started-at="2025-11-12T21:56:18 COT" name="tearDown" finished-at="2025-11-12T21:56:18 COT" duration-ms="200" status="PASS">
          <reporter-output>
          </reporter-output>
        </test-method> <!-- tearDown -->
      </class> <!-- com.demoblaze.test.ComprarTest -->
    </test> <!-- Surefire test -->
  </suite> <!-- Surefire suite -->
</testng-results>
