<?xml version="1.0" encoding="UTF-8"?>
<testsuite xmlns:xsi="http://www.w3.org/2001/XMLSchema-instance" xsi:noNamespaceSchemaLocation="https://maven.apache.org/surefire/maven-surefire-plugin/xsd/surefire-test-report-3.0.xsd" version="3.0" name="TestSuite" time="985.186" tests="6" errors="0" skipped="2" failures="2">
  <properties>
[...]
</properties>
  <testcase name="testRegistroUsuarios" classname="com.demoblaze.test.RegistroUsuarioTest" time="245.719">
    <system-out><![CDATA[========================================
Eliminando testData.xlsx previo para regenerar datos coherentes...
========================================
========================================
Generando testData.xlsx para esta ejecución...
========================================
✓ Archivo Excel creado exitosamente en: src/main/resources/testData.xlsx
✓ Archivo Excel generado exitosamente
   Tamaño: 5403 bytes
========================================

=== Registrando usuario 1/5: juan.perez+20251109_024842@test.com ===
✓ Formulario de registro cargado correctamente
   → Llenando formulario de registro...
   → Aceptando política de privacidad...
   → Enviando formulario...
⚠ Registro - sin mensaje explícito (probablemente exitoso)
   → Verificando y cerrando sesión si está activa...
   → Haciendo logout después del registro...
✓ Logout exitoso - sesión cerrada
✓ Registro exitoso para: juan.perez+20251109_024842@test.com

=== Registrando usuario 2/5: maria.gonzalez+20251109_024842@test.com ===
✓ Formulario de registro cargado correctamente
   → Llenando formulario de registro...
   → Aceptando política de privacidad...
   → Enviando formulario...
⚠ Registro - sin mensaje explícito (probablemente exitoso)
   → Verificando y cerrando sesión si está activa...
   → Haciendo logout después del registro...
✓ Logout exitoso - sesión cerrada
✓ Registro exitoso para: maria.gonzalez+20251109_024842@test.com

=== Registrando usuario 3/5: carlos.rodriguez+20251109_024842@test.com ===
✓ Formulario de registro cargado correctamente
   → Llenando formulario de registro...
   → Aceptando política de privacidad...
   → Enviando formulario...
⚠ Registro - sin mensaje explícito (probablemente exitoso)
   → Verificando y cerrando sesión si está activa...
   → Haciendo logout después del registro...
✓ Logout exitoso - sesión cerrada
✓ Registro exitoso para: carlos.rodriguez+20251109_024842@test.com

=== Registrando usuario 4/5: ana.martinez+20251109_024842@test.com ===
✓ Formulario de registro cargado correctamente
   → Llenando formulario de registro...
   → Aceptando política de privacidad...
   → Enviando formulario...
⚠ Registro - sin mensaje explícito (probablemente exitoso)
   → Verificando y cerrando sesión si está activa...
   → Haciendo logout después del registro...
✓ Logout exitoso - sesión cerrada
✓ Registro exitoso para: ana.martinez+20251109_024842@test.com

=== Registrando usuario 5/5: luis.garcia+20251109_024842@test.com ===
✓ Formulario de registro cargado correctamente
   → Llenando formulario de registro...
   → Aceptando política de privacidad...
   → Enviando formulario...
⚠ Registro - sin mensaje explícito (probablemente exitoso)
   → Verificando y cerrando sesión si está activa...
   → Haciendo logout después del registro...
✓ Logout exitoso - sesión cerrada
✓ Registro exitoso para: luis.garcia+20251109_024842@test.com

========================================
RESUMEN: 5 exitosos, 0 fallidos de 5 totales
========================================
]]></system-out>
    <system-err><![CDATA[ERROR StatusLogger Log4j2 could not find a logging implementation. Please add log4j-core to the classpath. Using SimpleLogger to log to the console...
[main] INFO io.github.bonigarcia.wdm.WebDriverManager - Using chromedriver 142.0.7444.61 (resolved driver for Chrome 142)
[main] INFO io.github.bonigarcia.wdm.WebDriverManager - Exporting webdriver.chrome.driver as C:\Users\sebas\.cache\selenium\chromedriver\win64\142.0.7444.61\chromedriver.exe
nov 09, 2025 2:48:56 A. M. org.openqa.selenium.devtools.CdpVersionFinder findNearestMatch
WARNING: Unable to find an exact match for CDP version 142, returning the closest version; found: 139; Please update to a Selenium version that supports CDP version 142
]]></system-err>
  </testcase>
  <testcase name="testRegistrarUsuariosParaLogin" classname="com.demoblaze.test.LoginTest" time="718.83">
    <system-out><![CDATA[✓ Formulario de registro cargado correctamente
   → Llenando formulario de registro...
   → Aceptando política de privacidad...
   → Enviando formulario...
⚠ Mensaje de error detectado en registro
⚠ Mensaje de error detectado en registro
   Error: Warning: E-Mail Address is already registered!
⚠ Registro falló - Error: Warning: E-Mail Address is already registered!
   → Verificando y cerrando sesión si está activa...
   → Haciendo logout después del registro...
⚠ Error al hacer logout: Expected condition failed: waiting for element to be clickable: Proxy element for: DefaultElementLocator 'By.linkText: Logout' (tried for 10 second(s) with 500 milliseconds interval)
   → Limpiando cookies como alternativa...
✓ Cookies eliminadas
✓ Formulario de registro cargado correctamente
   → Llenando formulario de registro...
   → Aceptando política de privacidad...
   → Enviando formulario...
⚠ Registro - sin mensaje explícito (probablemente exitoso)
   → Verificando y cerrando sesión si está activa...
   → No hay sesión activa para cerrar
]]></system-out>
  </testcase>
  <testcase name="testLoginUsuarios" classname="com.demoblaze.test.LoginTest" time="2.668">
    <failure message="The following asserts failed:&#10;	Excepción al probar login juan.perez+20251109_024842@test.com: invalid session id&#10;Build info: version: &apos;4.35.0&apos;, revision: &apos;1c58e5028b&apos;&#10;System info: os.name: &apos;Windows 11&apos;, os.arch: &apos;amd64&apos;, os.version: &apos;10.0&apos;, java.version: &apos;21.0.8&apos;&#10;Driver info: org.openqa.selenium.chrome.ChromeDriver&#10;Command: [5d66a134a9b00d9ba5b6aa1511fb925e, get {url=https://opencart.abstracta.us/index.php?route=account/login}]&#10;Capabilities {acceptInsecureCerts: false, browserName: chrome, browserVersion: 142.0.7444.135, chrome: {chromedriverVersion: 142.0.7444.61 (9884f628acbc..., userDataDir: C:\Users\sebas\AppData\Loca...}, fedcm:accounts: true, goog:chromeOptions: {debuggerAddress: localhost:50684}, goog:processID: 64416, networkConnectionEnabled: false, pageLoadStrategy: normal, platformName: windows, proxy: Proxy(), se:cdp: ws://localhost:50684/devtoo..., se:cdpVersion: 142.0.7444.135, setWindowRect: true, strictFileInteractability: false, timeouts: {implicit: 0, pageLoad: 300000, script: 30000}, unhandledPromptBehavior: dismiss and notify, webauthn:extension:credBlob: true, webauthn:extension:largeBlob: true, webauthn:extension:minPinLength: true, webauthn:extension:prf: true, webauthn:virtualAuthenticators: true}&#10;Session ID: 5d66a134a9b00d9ba5b6aa1511fb925e,&#10;	Excepción al probar login maria.gonzalez+20251109_024842@test.com: invalid session id&#10;Build info: version: &apos;4.35.0&apos;, revision: &apos;1c58e5028b&apos;&#10;System info: os.name: &apos;Windows 11&apos;, os.arch: &apos;amd64&apos;, os.version: &apos;10.0&apos;, java.version: &apos;21.0.8&apos;&#10;Driver info: org.openqa.selenium.chrome.ChromeDriver&#10;Command: [5d66a134a9b00d9ba5b6aa1511fb925e, get {url=https://opencart.abstracta.us/index.php?route=account/login}]&#10;Capabilities {acceptInsecureCerts: false, browserName: chrome, browserVersion: 142.0.7444.135, chrome: {chromedriverVersion: 142.0.7444.61 (9884f628acbc..., userDataDir: C:\Users\sebas\AppData\Loca...}, fedcm:accounts: true, goog:chromeOptions: {debuggerAddress: localhost:50684}, goog:processID: 64416, networkConnectionEnabled: false, pageLoadStrategy: normal, platformName: windows, proxy: Proxy(), se:cdp: ws://localhost:50684/devtoo..., se:cdpVersion: 142.0.7444.135, setWindowRect: true, strictFileInteractability: false, timeouts: {implicit: 0, pageLoad: 300000, script: 30000}, unhandledPromptBehavior: dismiss and notify, webauthn:extension:credBlob: true, webauthn:extension:largeBlob: true, webauthn:extension:minPinLength: true, webauthn:extension:prf: true, webauthn:virtualAuthenticators: true}&#10;Session ID: 5d66a134a9b00d9ba5b6aa1511fb925e,&#10;	Excepción al probar login usuario.invalido@test.com: invalid session id&#10;Build info: version: &apos;4.35.0&apos;, revision: &apos;1c58e5028b&apos;&#10;System info: os.name: &apos;Windows 11&apos;, os.arch: &apos;amd64&apos;, os.version: &apos;10.0&apos;, java.version: &apos;21.0.8&apos;&#10;Driver info: org.openqa.selenium.chrome.ChromeDriver&#10;Command: [5d66a134a9b00d9ba5b6aa1511fb925e, get {url=https://opencart.abstracta.us/index.php?route=account/login}]&#10;Capabilities {acceptInsecureCerts: false, browserName: chrome, browserVersion: 142.0.7444.135, chrome: {chromedriverVersion: 142.0.7444.61 (9884f628acbc..., userDataDir: C:\Users\sebas\AppData\Loca...}, fedcm:accounts: true, goog:chromeOptions: {debuggerAddress: localhost:50684}, goog:processID: 64416, networkConnectionEnabled: false, pageLoadStrategy: normal, platformName: windows, proxy: Proxy(), se:cdp: ws://localhost:50684/devtoo..., se:cdpVersion: 142.0.7444.135, setWindowRect: true, strictFileInteractability: false, timeouts: {implicit: 0, pageLoad: 300000, script: 30000}, unhandledPromptBehavior: dismiss and notify, webauthn:extension:credBlob: true, webauthn:extension:largeBlob: true, webauthn:extension:minPinLength: true, webauthn:extension:prf: true, webauthn:virtualAuthenticators: true}&#10;Session ID: 5d66a134a9b00d9ba5b6aa1511fb925e,&#10;	Excepción al probar login : invalid session id&#10;Build info: version: &apos;4.35.0&apos;, revision: &apos;1c58e5028b&apos;&#10;System info: os.name: &apos;Windows 11&apos;, os.arch: &apos;amd64&apos;, os.version: &apos;10.0&apos;, java.version: &apos;21.0.8&apos;&#10;Driver info: org.openqa.selenium.chrome.ChromeDriver&#10;Command: [5d66a134a9b00d9ba5b6aa1511fb925e, get {url=https://opencart.abstracta.us/index.php?route=account/login}]&#10;Capabilities {acceptInsecureCerts: false, browserName: chrome, browserVersion: 142.0.7444.135, chrome: {chromedriverVersion: 142.0.7444.61 (9884f628acbc..., userDataDir: C:\Users\sebas\AppData\Loca...}, fedcm:accounts: true, goog:chromeOptions: {debuggerAddress: localhost:50684}, goog:processID: 64416, networkConnectionEnabled: false, pageLoadStrategy: normal, platformName: windows, proxy: Proxy(), se:cdp: ws://localhost:50684/devtoo..., se:cdpVersion: 142.0.7444.135, setWindowRect: true, strictFileInteractability: false, timeouts: {implicit: 0, pageLoad: 300000, script: 30000}, unhandledPromptBehavior: dismiss and notify, webauthn:extension:credBlob: true, webauthn:extension:largeBlob: true, webauthn:extension:minPinLength: true, webauthn:extension:prf: true, webauthn:virtualAuthenticators: true}&#10;Session ID: 5d66a134a9b00d9ba5b6aa1511fb925e,&#10;	Excepción al probar login test@test.com: invalid session id&#10;Build info: version: &apos;4.35.0&apos;, revision: &apos;1c58e5028b&apos;&#10;System info: os.name: &apos;Windows 11&apos;, os.arch: &apos;amd64&apos;, os.version: &apos;10.0&apos;, java.version: &apos;21.0.8&apos;&#10;Driver info: org.openqa.selenium.chrome.ChromeDriver&#10;Command: [5d66a134a9b00d9ba5b6aa1511fb925e, get {url=https://opencart.abstracta.us/index.php?route=account/login}]&#10;Capabilities {acceptInsecureCerts: false, browserName: chrome, browserVersion: 142.0.7444.135, chrome: {chromedriverVersion: 142.0.7444.61 (9884f628acbc..., userDataDir: C:\Users\sebas\AppData\Loca...}, fedcm:accounts: true, goog:chromeOptions: {debuggerAddress: localhost:50684}, goog:processID: 64416, networkConnectionEnabled: false, pageLoadStrategy: normal, platformName: windows, proxy: Proxy(), se:cdp: ws://localhost:50684/devtoo..., se:cdpVersion: 142.0.7444.135, setWindowRect: true, strictFileInteractability: false, timeouts: {implicit: 0, pageLoad: 300000, script: 30000}, unhandledPromptBehavior: dismiss and notify, webauthn:extension:credBlob: true, webauthn:extension:largeBlob: true, webauthn:extension:minPinLength: true, webauthn:extension:prf: true, webauthn:virtualAuthenticators: true}&#10;Session ID: 5d66a134a9b00d9ba5b6aa1511fb925e" type="java.lang.AssertionError"><![CDATA[java.lang.AssertionError: 
The following asserts failed:
	Excepción al probar login juan.perez+20251109_024842@test.com: invalid session id
Build info: version: '4.35.0', revision: '1c58e5028b'
System info: os.name: 'Windows 11', os.arch: 'amd64', os.version: '10.0', java.version: '21.0.8'
Driver info: org.openqa.selenium.chrome.ChromeDriver
Command: [5d66a134a9b00d9ba5b6aa1511fb925e, get {url=https://opencart.abstracta.us/index.php?route=account/login}]
Capabilities {acceptInsecureCerts: false, browserName: chrome, browserVersion: 142.0.7444.135, chrome: {chromedriverVersion: 142.0.7444.61 (9884f628acbc..., userDataDir: C:\Users\sebas\AppData\Loca...}, fedcm:accounts: true, goog:chromeOptions: {debuggerAddress: localhost:50684}, goog:processID: 64416, networkConnectionEnabled: false, pageLoadStrategy: normal, platformName: windows, proxy: Proxy(), se:cdp: ws://localhost:50684/devtoo..., se:cdpVersion: 142.0.7444.135, setWindowRect: true, strictFileInteractability: false, timeouts: {implicit: 0, pageLoad: 300000, script: 30000}, unhandledPromptBehavior: dismiss and notify, webauthn:extension:credBlob: true, webauthn:extension:largeBlob: true, webauthn:extension:minPinLength: true, webauthn:extension:prf: true, webauthn:virtualAuthenticators: true}
Session ID: 5d66a134a9b00d9ba5b6aa1511fb925e,
	Excepción al probar login maria.gonzalez+20251109_024842@test.com: invalid session id
Build info: version: '4.35.0', revision: '1c58e5028b'
System info: os.name: 'Windows 11', os.arch: 'amd64', os.version: '10.0', java.version: '21.0.8'
Driver info: org.openqa.selenium.chrome.ChromeDriver
Command: [5d66a134a9b00d9ba5b6aa1511fb925e, get {url=https://opencart.abstracta.us/index.php?route=account/login}]
Capabilities {acceptInsecureCerts: false, browserName: chrome, browserVersion: 142.0.7444.135, chrome: {chromedriverVersion: 142.0.7444.61 (9884f628acbc..., userDataDir: C:\Users\sebas\AppData\Loca...}, fedcm:accounts: true, goog:chromeOptions: {debuggerAddress: localhost:50684}, goog:processID: 64416, networkConnectionEnabled: false, pageLoadStrategy: normal, platformName: windows, proxy: Proxy(), se:cdp: ws://localhost:50684/devtoo..., se:cdpVersion: 142.0.7444.135, setWindowRect: true, strictFileInteractability: false, timeouts: {implicit: 0, pageLoad: 300000, script: 30000}, unhandledPromptBehavior: dismiss and notify, webauthn:extension:credBlob: true, webauthn:extension:largeBlob: true, webauthn:extension:minPinLength: true, webauthn:extension:prf: true, webauthn:virtualAuthenticators: true}
Session ID: 5d66a134a9b00d9ba5b6aa1511fb925e,
	Excepción al probar login usuario.invalido@test.com: invalid session id
Build info: version: '4.35.0', revision: '1c58e5028b'
System info: os.name: 'Windows 11', os.arch: 'amd64', os.version: '10.0', java.version: '21.0.8'
Driver info: org.openqa.selenium.chrome.ChromeDriver
Command: [5d66a134a9b00d9ba5b6aa1511fb925e, get {url=https://opencart.abstracta.us/index.php?route=account/login}]
Capabilities {acceptInsecureCerts: false, browserName: chrome, browserVersion: 142.0.7444.135, chrome: {chromedriverVersion: 142.0.7444.61 (9884f628acbc..., userDataDir: C:\Users\sebas\AppData\Loca...}, fedcm:accounts: true, goog:chromeOptions: {debuggerAddress: localhost:50684}, goog:processID: 64416, networkConnectionEnabled: false, pageLoadStrategy: normal, platformName: windows, proxy: Proxy(), se:cdp: ws://localhost:50684/devtoo..., se:cdpVersion: 142.0.7444.135, setWindowRect: true, strictFileInteractability: false, timeouts: {implicit: 0, pageLoad: 300000, script: 30000}, unhandledPromptBehavior: dismiss and notify, webauthn:extension:credBlob: true, webauthn:extension:largeBlob: true, webauthn:extension:minPinLength: true, webauthn:extension:prf: true, webauthn:virtualAuthenticators: true}
Session ID: 5d66a134a9b00d9ba5b6aa1511fb925e,
	Excepción al probar login : invalid session id
Build info: version: '4.35.0', revision: '1c58e5028b'
System info: os.name: 'Windows 11', os.arch: 'amd64', os.version: '10.0', java.version: '21.0.8'
Driver info: org.openqa.selenium.chrome.ChromeDriver
Command: [5d66a134a9b00d9ba5b6aa1511fb925e, get {url=https://opencart.abstracta.us/index.php?route=account/login}]
Capabilities {acceptInsecureCerts: false, browserName: chrome, browserVersion: 142.0.7444.135, chrome: {chromedriverVersion: 142.0.7444.61 (9884f628acbc..., userDataDir: C:\Users\sebas\AppData\Loca...}, fedcm:accounts: true, goog:chromeOptions: {debuggerAddress: localhost:50684}, goog:processID: 64416, networkConnectionEnabled: false, pageLoadStrategy: normal, platformName: windows, proxy: Proxy(), se:cdp: ws://localhost:50684/devtoo..., se:cdpVersion: 142.0.7444.135, setWindowRect: true, strictFileInteractability: false, timeouts: {implicit: 0, pageLoad: 300000, script: 30000}, unhandledPromptBehavior: dismiss and notify, webauthn:extension:credBlob: true, webauthn:extension:largeBlob: true, webauthn:extension:minPinLength: true, webauthn:extension:prf: true, webauthn:virtualAuthenticators: true}
Session ID: 5d66a134a9b00d9ba5b6aa1511fb925e,
	Excepción al probar login test@test.com: invalid session id
Build info: version: '4.35.0', revision: '1c58e5028b'
System info: os.name: 'Windows 11', os.arch: 'amd64', os.version: '10.0', java.version: '21.0.8'
Driver info: org.openqa.selenium.chrome.ChromeDriver
Command: [5d66a134a9b00d9ba5b6aa1511fb925e, get {url=https://opencart.abstracta.us/index.php?route=account/login}]
Capabilities {acceptInsecureCerts: false, browserName: chrome, browserVersion: 142.0.7444.135, chrome: {chromedriverVersion: 142.0.7444.61 (9884f628acbc..., userDataDir: C:\Users\sebas\AppData\Loca...}, fedcm:accounts: true, goog:chromeOptions: {debuggerAddress: localhost:50684}, goog:processID: 64416, networkConnectionEnabled: false, pageLoadStrategy: normal, platformName: windows, proxy: Proxy(), se:cdp: ws://localhost:50684/devtoo..., se:cdpVersion: 142.0.7444.135, setWindowRect: true, strictFileInteractability: false, timeouts: {implicit: 0, pageLoad: 300000, script: 30000}, unhandledPromptBehavior: dismiss and notify, webauthn:extension:credBlob: true, webauthn:extension:largeBlob: true, webauthn:extension:minPinLength: true, webauthn:extension:prf: true, webauthn:virtualAuthenticators: true}
Session ID: 5d66a134a9b00d9ba5b6aa1511fb925e
	at org.testng.asserts.SoftAssert.assertAll(SoftAssert.java:46)
	at org.testng.asserts.SoftAssert.assertAll(SoftAssert.java:30)
	at com.demoblaze.test.LoginTest.testLoginUsuarios(LoginTest.java:193)
	at java.base/jdk.internal.reflect.DirectMethodHandleAccessor.invoke(DirectMethodHandleAccessor.java:103)
	at java.base/java.lang.reflect.Method.invoke(Method.java:580)
	at org.testng.internal.invokers.MethodInvocationHelper.invokeMethod(MethodInvocationHelper.java:141)
	at org.testng.internal.invokers.TestInvoker.invokeMethod(TestInvoker.java:687)
	at org.testng.internal.invokers.TestInvoker.invokeTestMethod(TestInvoker.java:230)
	at org.testng.internal.invokers.MethodRunner.runInSequence(MethodRunner.java:63)
	at org.testng.internal.invokers.TestInvoker$MethodInvocationAgent.invoke(TestInvoker.java:995)
	at org.testng.internal.invokers.TestInvoker.invokeTestMethods(TestInvoker.java:203)
	at org.testng.internal.invokers.TestMethodWorker.invokeTestMethods(TestMethodWorker.java:154)
	at org.testng.internal.invokers.TestMethodWorker.run(TestMethodWorker.java:134)
	at java.base/java.util.ArrayList.forEach(ArrayList.java:1596)
	at org.testng.TestRunner.privateRun(TestRunner.java:741)
	at org.testng.TestRunner.run(TestRunner.java:616)
	at org.testng.SuiteRunner.runTest(SuiteRunner.java:421)
	at org.testng.SuiteRunner.runSequentially(SuiteRunner.java:413)
	at org.testng.SuiteRunner.privateRun(SuiteRunner.java:373)
	at org.testng.SuiteRunner.run(SuiteRunner.java:312)
	at org.testng.SuiteRunnerWorker.runSuite(SuiteRunnerWorker.java:52)
	at org.testng.SuiteRunnerWorker.run(SuiteRunnerWorker.java:95)
	at org.testng.TestNG.runSuitesSequentially(TestNG.java:1274)
	at org.testng.TestNG.runSuitesLocally(TestNG.java:1208)
	at org.testng.TestNG.runSuites(TestNG.java:1112)
	at org.testng.TestNG.run(TestNG.java:1079)
	at org.apache.maven.surefire.testng.TestNGExecutor.run(TestNGExecutor.java:308)
	at org.apache.maven.surefire.testng.TestNGXmlTestSuite.execute(TestNGXmlTestSuite.java:71)
	at org.apache.maven.surefire.testng.TestNGProvider.invoke(TestNGProvider.java:113)
	at org.apache.maven.surefire.booter.ForkedBooter.runSuitesInProcess(ForkedBooter.java:385)
	at org.apache.maven.surefire.booter.ForkedBooter.execute(ForkedBooter.java:162)
	at org.apache.maven.surefire.booter.ForkedBooter.run(ForkedBooter.java:507)
	at org.apache.maven.surefire.booter.ForkedBooter.main(ForkedBooter.java:495)
]]></failure>
    <system-out><![CDATA[
[Pre-Login] Verificando estado de sesión...
   [Debug] Link 'Logout' NO detectado - usuario NO está logueado
[Login] Navegando a página de login...
   → Cerrando sesión (con limpieza de cookies)...
⚠ Error al hacer logout: invalid session id
Build info: version: '4.35.0', revision: '1c58e5028b'
System info: os.name: 'Windows 11', os.arch: 'amd64', os.version: '10.0', java.version: '21.0.8'
Driver info: org.openqa.selenium.chrome.ChromeDriver
Command: [5d66a134a9b00d9ba5b6aa1511fb925e, get {url=https://opencart.abstracta.us/index.php?route=account/logout}]
Capabilities {acceptInsecureCerts: false, browserName: chrome, browserVersion: 142.0.7444.135, chrome: {chromedriverVersion: 142.0.7444.61 (9884f628acbc..., userDataDir: C:\Users\sebas\AppData\Loca...}, fedcm:accounts: true, goog:chromeOptions: {debuggerAddress: localhost:50684}, goog:processID: 64416, networkConnectionEnabled: false, pageLoadStrategy: normal, platformName: windows, proxy: Proxy(), se:cdp: ws://localhost:50684/devtoo..., se:cdpVersion: 142.0.7444.135, setWindowRect: true, strictFileInteractability: false, timeouts: {implicit: 0, pageLoad: 300000, script: 30000}, unhandledPromptBehavior: dismiss and notify, webauthn:extension:credBlob: true, webauthn:extension:largeBlob: true, webauthn:extension:minPinLength: true, webauthn:extension:prf: true, webauthn:virtualAuthenticators: true}
Session ID: 5d66a134a9b00d9ba5b6aa1511fb925e
⚠ Respaldo de logout también falló

[Pre-Login] Verificando estado de sesión...
   [Debug] Link 'Logout' NO detectado - usuario NO está logueado
[Login] Navegando a página de login...
   → Cerrando sesión (con limpieza de cookies)...
⚠ Error al hacer logout: invalid session id
Build info: version: '4.35.0', revision: '1c58e5028b'
System info: os.name: 'Windows 11', os.arch: 'amd64', os.version: '10.0', java.version: '21.0.8'
Driver info: org.openqa.selenium.chrome.ChromeDriver
Command: [5d66a134a9b00d9ba5b6aa1511fb925e, get {url=https://opencart.abstracta.us/index.php?route=account/logout}]
Capabilities {acceptInsecureCerts: false, browserName: chrome, browserVersion: 142.0.7444.135, chrome: {chromedriverVersion: 142.0.7444.61 (9884f628acbc..., userDataDir: C:\Users\sebas\AppData\Loca...}, fedcm:accounts: true, goog:chromeOptions: {debuggerAddress: localhost:50684}, goog:processID: 64416, networkConnectionEnabled: false, pageLoadStrategy: normal, platformName: windows, proxy: Proxy(), se:cdp: ws://localhost:50684/devtoo..., se:cdpVersion: 142.0.7444.135, setWindowRect: true, strictFileInteractability: false, timeouts: {implicit: 0, pageLoad: 300000, script: 30000}, unhandledPromptBehavior: dismiss and notify, webauthn:extension:credBlob: true, webauthn:extension:largeBlob: true, webauthn:extension:minPinLength: true, webauthn:extension:prf: true, webauthn:virtualAuthenticators: true}
Session ID: 5d66a134a9b00d9ba5b6aa1511fb925e
⚠ Respaldo de logout también falló

[Pre-Login] Verificando estado de sesión...
   [Debug] Link 'Logout' NO detectado - usuario NO está logueado
[Login] Navegando a página de login...
   → Cerrando sesión (con limpieza de cookies)...
⚠ Error al hacer logout: invalid session id
Build info: version: '4.35.0', revision: '1c58e5028b'
System info: os.name: 'Windows 11', os.arch: 'amd64', os.version: '10.0', java.version: '21.0.8'
Driver info: org.openqa.selenium.chrome.ChromeDriver
Command: [5d66a134a9b00d9ba5b6aa1511fb925e, get {url=https://opencart.abstracta.us/index.php?route=account/logout}]
Capabilities {acceptInsecureCerts: false, browserName: chrome, browserVersion: 142.0.7444.135, chrome: {chromedriverVersion: 142.0.7444.61 (9884f628acbc..., userDataDir: C:\Users\sebas\AppData\Loca...}, fedcm:accounts: true, goog:chromeOptions: {debuggerAddress: localhost:50684}, goog:processID: 64416, networkConnectionEnabled: false, pageLoadStrategy: normal, platformName: windows, proxy: Proxy(), se:cdp: ws://localhost:50684/devtoo..., se:cdpVersion: 142.0.7444.135, setWindowRect: true, strictFileInteractability: false, timeouts: {implicit: 0, pageLoad: 300000, script: 30000}, unhandledPromptBehavior: dismiss and notify, webauthn:extension:credBlob: true, webauthn:extension:largeBlob: true, webauthn:extension:minPinLength: true, webauthn:extension:prf: true, webauthn:virtualAuthenticators: true}
Session ID: 5d66a134a9b00d9ba5b6aa1511fb925e
⚠ Respaldo de logout también falló

[Pre-Login] Verificando estado de sesión...
   [Debug] Link 'Logout' NO detectado - usuario NO está logueado
[Login] Navegando a página de login...
   → Cerrando sesión (con limpieza de cookies)...
⚠ Error al hacer logout: invalid session id
Build info: version: '4.35.0', revision: '1c58e5028b'
System info: os.name: 'Windows 11', os.arch: 'amd64', os.version: '10.0', java.version: '21.0.8'
Driver info: org.openqa.selenium.chrome.ChromeDriver
Command: [5d66a134a9b00d9ba5b6aa1511fb925e, get {url=https://opencart.abstracta.us/index.php?route=account/logout}]
Capabilities {acceptInsecureCerts: false, browserName: chrome, browserVersion: 142.0.7444.135, chrome: {chromedriverVersion: 142.0.7444.61 (9884f628acbc..., userDataDir: C:\Users\sebas\AppData\Loca...}, fedcm:accounts: true, goog:chromeOptions: {debuggerAddress: localhost:50684}, goog:processID: 64416, networkConnectionEnabled: false, pageLoadStrategy: normal, platformName: windows, proxy: Proxy(), se:cdp: ws://localhost:50684/devtoo..., se:cdpVersion: 142.0.7444.135, setWindowRect: true, strictFileInteractability: false, timeouts: {implicit: 0, pageLoad: 300000, script: 30000}, unhandledPromptBehavior: dismiss and notify, webauthn:extension:credBlob: true, webauthn:extension:largeBlob: true, webauthn:extension:minPinLength: true, webauthn:extension:prf: true, webauthn:virtualAuthenticators: true}
Session ID: 5d66a134a9b00d9ba5b6aa1511fb925e
⚠ Respaldo de logout también falló

[Pre-Login] Verificando estado de sesión...
   [Debug] Link 'Logout' NO detectado - usuario NO está logueado
[Login] Navegando a página de login...
   → Cerrando sesión (con limpieza de cookies)...
⚠ Error al hacer logout: invalid session id
Build info: version: '4.35.0', revision: '1c58e5028b'
System info: os.name: 'Windows 11', os.arch: 'amd64', os.version: '10.0', java.version: '21.0.8'
Driver info: org.openqa.selenium.chrome.ChromeDriver
Command: [5d66a134a9b00d9ba5b6aa1511fb925e, get {url=https://opencart.abstracta.us/index.php?route=account/logout}]
Capabilities {acceptInsecureCerts: false, browserName: chrome, browserVersion: 142.0.7444.135, chrome: {chromedriverVersion: 142.0.7444.61 (9884f628acbc..., userDataDir: C:\Users\sebas\AppData\Loca...}, fedcm:accounts: true, goog:chromeOptions: {debuggerAddress: localhost:50684}, goog:processID: 64416, networkConnectionEnabled: false, pageLoadStrategy: normal, platformName: windows, proxy: Proxy(), se:cdp: ws://localhost:50684/devtoo..., se:cdpVersion: 142.0.7444.135, setWindowRect: true, strictFileInteractability: false, timeouts: {implicit: 0, pageLoad: 300000, script: 30000}, unhandledPromptBehavior: dismiss and notify, webauthn:extension:credBlob: true, webauthn:extension:largeBlob: true, webauthn:extension:minPinLength: true, webauthn:extension:prf: true, webauthn:virtualAuthenticators: true}
Session ID: 5d66a134a9b00d9ba5b6aa1511fb925e
⚠ Respaldo de logout también falló
]]></system-out>
  </testcase>
  <testcase name="testLoginCredencialesInvalidas" classname="com.demoblaze.test.LoginTest" time="0">
    <skipped message="Method com.demoblaze.test.LoginTest.testLoginCredencialesInvalidas() on instance com.demoblaze.test.LoginTest@747ddf94 depends on not successfully finished methods &#10;[com.demoblaze.test.LoginTest.testLoginUsuarios() on instance com.demoblaze.test.LoginTest@747ddf94]"/>
  </testcase>
  <testcase name="testBuscarYAgregarProductos" classname="com.demoblaze.test.BusquedaYCarritoTest" time="0.056">
    <failure message="The following asserts failed:&#10;	Excepción: invalid session id&#10;Build info: version: &apos;4.35.0&apos;, revision: &apos;1c58e5028b&apos;&#10;System info: os.name: &apos;Windows 11&apos;, os.arch: &apos;amd64&apos;, os.version: &apos;10.0&apos;, java.version: &apos;21.0.8&apos;&#10;Driver info: org.openqa.selenium.chrome.ChromeDriver&#10;Command: [5d66a134a9b00d9ba5b6aa1511fb925e, get {url=https://opencart.abstracta.us/}]&#10;Capabilities {acceptInsecureCerts: false, browserName: chrome, browserVersion: 142.0.7444.135, chrome: {chromedriverVersion: 142.0.7444.61 (9884f628acbc..., userDataDir: C:\Users\sebas\AppData\Loca...}, fedcm:accounts: true, goog:chromeOptions: {debuggerAddress: localhost:50684}, goog:processID: 64416, networkConnectionEnabled: false, pageLoadStrategy: normal, platformName: windows, proxy: Proxy(), se:cdp: ws://localhost:50684/devtoo..., se:cdpVersion: 142.0.7444.135, setWindowRect: true, strictFileInteractability: false, timeouts: {implicit: 0, pageLoad: 300000, script: 30000}, unhandledPromptBehavior: dismiss and notify, webauthn:extension:credBlob: true, webauthn:extension:largeBlob: true, webauthn:extension:minPinLength: true, webauthn:extension:prf: true, webauthn:virtualAuthenticators: true}&#10;Session ID: 5d66a134a9b00d9ba5b6aa1511fb925e,&#10;	Excepción: invalid session id&#10;Build info: version: &apos;4.35.0&apos;, revision: &apos;1c58e5028b&apos;&#10;System info: os.name: &apos;Windows 11&apos;, os.arch: &apos;amd64&apos;, os.version: &apos;10.0&apos;, java.version: &apos;21.0.8&apos;&#10;Driver info: org.openqa.selenium.chrome.ChromeDriver&#10;Command: [5d66a134a9b00d9ba5b6aa1511fb925e, get {url=https://opencart.abstracta.us/}]&#10;Capabilities {acceptInsecureCerts: false, browserName: chrome, browserVersion: 142.0.7444.135, chrome: {chromedriverVersion: 142.0.7444.61 (9884f628acbc..., userDataDir: C:\Users\sebas\AppData\Loca...}, fedcm:accounts: true, goog:chromeOptions: {debuggerAddress: localhost:50684}, goog:processID: 64416, networkConnectionEnabled: false, pageLoadStrategy: normal, platformName: windows, proxy: Proxy(), se:cdp: ws://localhost:50684/devtoo..., se:cdpVersion: 142.0.7444.135, setWindowRect: true, strictFileInteractability: false, timeouts: {implicit: 0, pageLoad: 300000, script: 30000}, unhandledPromptBehavior: dismiss and notify, webauthn:extension:credBlob: true, webauthn:extension:largeBlob: true, webauthn:extension:minPinLength: true, webauthn:extension:prf: true, webauthn:virtualAuthenticators: true}&#10;Session ID: 5d66a134a9b00d9ba5b6aa1511fb925e,&#10;	Excepción: invalid session id&#10;Build info: version: &apos;4.35.0&apos;, revision: &apos;1c58e5028b&apos;&#10;System info: os.name: &apos;Windows 11&apos;, os.arch: &apos;amd64&apos;, os.version: &apos;10.0&apos;, java.version: &apos;21.0.8&apos;&#10;Driver info: org.openqa.selenium.chrome.ChromeDriver&#10;Command: [5d66a134a9b00d9ba5b6aa1511fb925e, get {url=https://opencart.abstracta.us/}]&#10;Capabilities {acceptInsecureCerts: false, browserName: chrome, browserVersion: 142.0.7444.135, chrome: {chromedriverVersion: 142.0.7444.61 (9884f628acbc..., userDataDir: C:\Users\sebas\AppData\Loca...}, fedcm:accounts: true, goog:chromeOptions: {debuggerAddress: localhost:50684}, goog:processID: 64416, networkConnectionEnabled: false, pageLoadStrategy: normal, platformName: windows, proxy: Proxy(), se:cdp: ws://localhost:50684/devtoo..., se:cdpVersion: 142.0.7444.135, setWindowRect: true, strictFileInteractability: false, timeouts: {implicit: 0, pageLoad: 300000, script: 30000}, unhandledPromptBehavior: dismiss and notify, webauthn:extension:credBlob: true, webauthn:extension:largeBlob: true, webauthn:extension:minPinLength: true, webauthn:extension:prf: true, webauthn:virtualAuthenticators: true}&#10;Session ID: 5d66a134a9b00d9ba5b6aa1511fb925e,&#10;	Excepción: invalid session id&#10;Build info: version: &apos;4.35.0&apos;, revision: &apos;1c58e5028b&apos;&#10;System info: os.name: &apos;Windows 11&apos;, os.arch: &apos;amd64&apos;, os.version: &apos;10.0&apos;, java.version: &apos;21.0.8&apos;&#10;Driver info: org.openqa.selenium.chrome.ChromeDriver&#10;Command: [5d66a134a9b00d9ba5b6aa1511fb925e, get {url=https://opencart.abstracta.us/}]&#10;Capabilities {acceptInsecureCerts: false, browserName: chrome, browserVersion: 142.0.7444.135, chrome: {chromedriverVersion: 142.0.7444.61 (9884f628acbc..., userDataDir: C:\Users\sebas\AppData\Loca...}, fedcm:accounts: true, goog:chromeOptions: {debuggerAddress: localhost:50684}, goog:processID: 64416, networkConnectionEnabled: false, pageLoadStrategy: normal, platformName: windows, proxy: Proxy(), se:cdp: ws://localhost:50684/devtoo..., se:cdpVersion: 142.0.7444.135, setWindowRect: true, strictFileInteractability: false, timeouts: {implicit: 0, pageLoad: 300000, script: 30000}, unhandledPromptBehavior: dismiss and notify, webauthn:extension:credBlob: true, webauthn:extension:largeBlob: true, webauthn:extension:minPinLength: true, webauthn:extension:prf: true, webauthn:virtualAuthenticators: true}&#10;Session ID: 5d66a134a9b00d9ba5b6aa1511fb925e,&#10;	Excepción: invalid session id&#10;Build info: version: &apos;4.35.0&apos;, revision: &apos;1c58e5028b&apos;&#10;System info: os.name: &apos;Windows 11&apos;, os.arch: &apos;amd64&apos;, os.version: &apos;10.0&apos;, java.version: &apos;21.0.8&apos;&#10;Driver info: org.openqa.selenium.chrome.ChromeDriver&#10;Command: [5d66a134a9b00d9ba5b6aa1511fb925e, get {url=https://opencart.abstracta.us/}]&#10;Capabilities {acceptInsecureCerts: false, browserName: chrome, browserVersion: 142.0.7444.135, chrome: {chromedriverVersion: 142.0.7444.61 (9884f628acbc..., userDataDir: C:\Users\sebas\AppData\Loca...}, fedcm:accounts: true, goog:chromeOptions: {debuggerAddress: localhost:50684}, goog:processID: 64416, networkConnectionEnabled: false, pageLoadStrategy: normal, platformName: windows, proxy: Proxy(), se:cdp: ws://localhost:50684/devtoo..., se:cdpVersion: 142.0.7444.135, setWindowRect: true, strictFileInteractability: false, timeouts: {implicit: 0, pageLoad: 300000, script: 30000}, unhandledPromptBehavior: dismiss and notify, webauthn:extension:credBlob: true, webauthn:extension:largeBlob: true, webauthn:extension:minPinLength: true, webauthn:extension:prf: true, webauthn:virtualAuthenticators: true}&#10;Session ID: 5d66a134a9b00d9ba5b6aa1511fb925e" type="java.lang.AssertionError"><![CDATA[java.lang.AssertionError: 
The following asserts failed:
	Excepción: invalid session id
Build info: version: '4.35.0', revision: '1c58e5028b'
System info: os.name: 'Windows 11', os.arch: 'amd64', os.version: '10.0', java.version: '21.0.8'
Driver info: org.openqa.selenium.chrome.ChromeDriver
Command: [5d66a134a9b00d9ba5b6aa1511fb925e, get {url=https://opencart.abstracta.us/}]
Capabilities {acceptInsecureCerts: false, browserName: chrome, browserVersion: 142.0.7444.135, chrome: {chromedriverVersion: 142.0.7444.61 (9884f628acbc..., userDataDir: C:\Users\sebas\AppData\Loca...}, fedcm:accounts: true, goog:chromeOptions: {debuggerAddress: localhost:50684}, goog:processID: 64416, networkConnectionEnabled: false, pageLoadStrategy: normal, platformName: windows, proxy: Proxy(), se:cdp: ws://localhost:50684/devtoo..., se:cdpVersion: 142.0.7444.135, setWindowRect: true, strictFileInteractability: false, timeouts: {implicit: 0, pageLoad: 300000, script: 30000}, unhandledPromptBehavior: dismiss and notify, webauthn:extension:credBlob: true, webauthn:extension:largeBlob: true, webauthn:extension:minPinLength: true, webauthn:extension:prf: true, webauthn:virtualAuthenticators: true}
Session ID: 5d66a134a9b00d9ba5b6aa1511fb925e,
	Excepción: invalid session id
Build info: version: '4.35.0', revision: '1c58e5028b'
System info: os.name: 'Windows 11', os.arch: 'amd64', os.version: '10.0', java.version: '21.0.8'
Driver info: org.openqa.selenium.chrome.ChromeDriver
Command: [5d66a134a9b00d9ba5b6aa1511fb925e, get {url=https://opencart.abstracta.us/}]
Capabilities {acceptInsecureCerts: false, browserName: chrome, browserVersion: 142.0.7444.135, chrome: {chromedriverVersion: 142.0.7444.61 (9884f628acbc..., userDataDir: C:\Users\sebas\AppData\Loca...}, fedcm:accounts: true, goog:chromeOptions: {debuggerAddress: localhost:50684}, goog:processID: 64416, networkConnectionEnabled: false, pageLoadStrategy: normal, platformName: windows, proxy: Proxy(), se:cdp: ws://localhost:50684/devtoo..., se:cdpVersion: 142.0.7444.135, setWindowRect: true, strictFileInteractability: false, timeouts: {implicit: 0, pageLoad: 300000, script: 30000}, unhandledPromptBehavior: dismiss and notify, webauthn:extension:credBlob: true, webauthn:extension:largeBlob: true, webauthn:extension:minPinLength: true, webauthn:extension:prf: true, webauthn:virtualAuthenticators: true}
Session ID: 5d66a134a9b00d9ba5b6aa1511fb925e,
	Excepción: invalid session id
Build info: version: '4.35.0', revision: '1c58e5028b'
System info: os.name: 'Windows 11', os.arch: 'amd64', os.version: '10.0', java.version: '21.0.8'
Driver info: org.openqa.selenium.chrome.ChromeDriver
Command: [5d66a134a9b00d9ba5b6aa1511fb925e, get {url=https://opencart.abstracta.us/}]
Capabilities {acceptInsecureCerts: false, browserName: chrome, browserVersion: 142.0.7444.135, chrome: {chromedriverVersion: 142.0.7444.61 (9884f628acbc..., userDataDir: C:\Users\sebas\AppData\Loca...}, fedcm:accounts: true, goog:chromeOptions: {debuggerAddress: localhost:50684}, goog:processID: 64416, networkConnectionEnabled: false, pageLoadStrategy: normal, platformName: windows, proxy: Proxy(), se:cdp: ws://localhost:50684/devtoo..., se:cdpVersion: 142.0.7444.135, setWindowRect: true, strictFileInteractability: false, timeouts: {implicit: 0, pageLoad: 300000, script: 30000}, unhandledPromptBehavior: dismiss and notify, webauthn:extension:credBlob: true, webauthn:extension:largeBlob: true, webauthn:extension:minPinLength: true, webauthn:extension:prf: true, webauthn:virtualAuthenticators: true}
Session ID: 5d66a134a9b00d9ba5b6aa1511fb925e,
	Excepción: invalid session id
Build info: version: '4.35.0', revision: '1c58e5028b'
System info: os.name: 'Windows 11', os.arch: 'amd64', os.version: '10.0', java.version: '21.0.8'
Driver info: org.openqa.selenium.chrome.ChromeDriver
Command: [5d66a134a9b00d9ba5b6aa1511fb925e, get {url=https://opencart.abstracta.us/}]
Capabilities {acceptInsecureCerts: false, browserName: chrome, browserVersion: 142.0.7444.135, chrome: {chromedriverVersion: 142.0.7444.61 (9884f628acbc..., userDataDir: C:\Users\sebas\AppData\Loca...}, fedcm:accounts: true, goog:chromeOptions: {debuggerAddress: localhost:50684}, goog:processID: 64416, networkConnectionEnabled: false, pageLoadStrategy: normal, platformName: windows, proxy: Proxy(), se:cdp: ws://localhost:50684/devtoo..., se:cdpVersion: 142.0.7444.135, setWindowRect: true, strictFileInteractability: false, timeouts: {implicit: 0, pageLoad: 300000, script: 30000}, unhandledPromptBehavior: dismiss and notify, webauthn:extension:credBlob: true, webauthn:extension:largeBlob: true, webauthn:extension:minPinLength: true, webauthn:extension:prf: true, webauthn:virtualAuthenticators: true}
Session ID: 5d66a134a9b00d9ba5b6aa1511fb925e,
	Excepción: invalid session id
Build info: version: '4.35.0', revision: '1c58e5028b'
System info: os.name: 'Windows 11', os.arch: 'amd64', os.version: '10.0', java.version: '21.0.8'
Driver info: org.openqa.selenium.chrome.ChromeDriver
Command: [5d66a134a9b00d9ba5b6aa1511fb925e, get {url=https://opencart.abstracta.us/}]
Capabilities {acceptInsecureCerts: false, browserName: chrome, browserVersion: 142.0.7444.135, chrome: {chromedriverVersion: 142.0.7444.61 (9884f628acbc..., userDataDir: C:\Users\sebas\AppData\Loca...}, fedcm:accounts: true, goog:chromeOptions: {debuggerAddress: localhost:50684}, goog:processID: 64416, networkConnectionEnabled: false, pageLoadStrategy: normal, platformName: windows, proxy: Proxy(), se:cdp: ws://localhost:50684/devtoo..., se:cdpVersion: 142.0.7444.135, setWindowRect: true, strictFileInteractability: false, timeouts: {implicit: 0, pageLoad: 300000, script: 30000}, unhandledPromptBehavior: dismiss and notify, webauthn:extension:credBlob: true, webauthn:extension:largeBlob: true, webauthn:extension:minPinLength: true, webauthn:extension:prf: true, webauthn:virtualAuthenticators: true}
Session ID: 5d66a134a9b00d9ba5b6aa1511fb925e
	at org.testng.asserts.SoftAssert.assertAll(SoftAssert.java:46)
	at org.testng.asserts.SoftAssert.assertAll(SoftAssert.java:30)
	at com.demoblaze.test.BusquedaYCarritoTest.testBuscarYAgregarProductos(BusquedaYCarritoTest.java:138)
	at java.base/jdk.internal.reflect.DirectMethodHandleAccessor.invoke(DirectMethodHandleAccessor.java:103)
	at java.base/java.lang.reflect.Method.invoke(Method.java:580)
	at org.testng.internal.invokers.MethodInvocationHelper.invokeMethod(MethodInvocationHelper.java:141)
	at org.testng.internal.invokers.TestInvoker.invokeMethod(TestInvoker.java:687)
	at org.testng.internal.invokers.TestInvoker.invokeTestMethod(TestInvoker.java:230)
	at org.testng.internal.invokers.MethodRunner.runInSequence(MethodRunner.java:63)
	at org.testng.internal.invokers.TestInvoker$MethodInvocationAgent.invoke(TestInvoker.java:995)
	at org.testng.internal.invokers.TestInvoker.invokeTestMethods(TestInvoker.java:203)
	at org.testng.internal.invokers.TestMethodWorker.invokeTestMethods(TestMethodWorker.java:154)
	at org.testng.internal.invokers.TestMethodWorker.run(TestMethodWorker.java:134)
	at java.base/java.util.ArrayList.forEach(ArrayList.java:1596)
	at org.testng.TestRunner.privateRun(TestRunner.java:741)
	at org.testng.TestRunner.run(TestRunner.java:616)
	at org.testng.SuiteRunner.runTest(SuiteRunner.java:421)
	at org.testng.SuiteRunner.runSequentially(SuiteRunner.java:413)
	at org.testng.SuiteRunner.privateRun(SuiteRunner.java:373)
	at org.testng.SuiteRunner.run(SuiteRunner.java:312)
	at org.testng.SuiteRunnerWorker.runSuite(SuiteRunnerWorker.java:52)
	at org.testng.SuiteRunnerWorker.run(SuiteRunnerWorker.java:95)
	at org.testng.TestNG.runSuitesSequentially(TestNG.java:1274)
	at org.testng.TestNG.runSuitesLocally(TestNG.java:1208)
	at org.testng.TestNG.runSuites(TestNG.java:1112)
	at org.testng.TestNG.run(TestNG.java:1079)
	at org.apache.maven.surefire.testng.TestNGExecutor.run(TestNGExecutor.java:308)
	at org.apache.maven.surefire.testng.TestNGXmlTestSuite.execute(TestNGXmlTestSuite.java:71)
	at org.apache.maven.surefire.testng.TestNGProvider.invoke(TestNGProvider.java:113)
	at org.apache.maven.surefire.booter.ForkedBooter.runSuitesInProcess(ForkedBooter.java:385)
	at org.apache.maven.surefire.booter.ForkedBooter.execute(ForkedBooter.java:162)
	at org.apache.maven.surefire.booter.ForkedBooter.run(ForkedBooter.java:507)
	at org.apache.maven.surefire.booter.ForkedBooter.main(ForkedBooter.java:495)
]]></failure>
  </testcase>
  <testcase name="testVerificarProductosEnCarrito" classname="com.demoblaze.test.BusquedaYCarritoTest" time="0">
    <skipped message="Method com.demoblaze.test.BusquedaYCarritoTest.testVerificarProductosEnCarrito() on instance com.demoblaze.test.BusquedaYCarritoTest@35e2d654 depends on not successfully finished methods &#10;[com.demoblaze.test.BusquedaYCarritoTest.testBuscarYAgregarProductos() on instance com.demoblaze.test.BusquedaYCarritoTest@35e2d654]"/>
  </testcase>
</testsuite>