<?xml version="1.0" encoding="UTF-8"?>
<!-- Generated by org.testng.reporters.JUnitReportReporter -->
<testsuite hostname="SebasPc" failures="0" tests="3" name="com.demoblaze.test.ComprarTest" time="228.824" errors="0" timestamp="2025-11-12T21:56:18 COT" skipped="0">
  <testcase classname="com.demoblaze.test.ComprarTest" name="testRegistroYLogin" time="147.298"/>
  <testcase classname="com.demoblaze.test.ComprarTest" name="testAgregarProductos" time="42.820"/>
  <testcase classname="com.demoblaze.test.ComprarTest" name="testCheckout" time="38.706"/>
</testsuite> <!-- com.demoblaze.test.ComprarTest -->
