<?xml version="1.0" encoding="UTF-8"?>
<!-- Generated by org.testng.reporters.JUnitReportReporter -->
<testsuite hostname="SebasPc" failures="0" tests="3" name="com.demoblaze.test.LoginTest" time="234.564" errors="0" timestamp="2025-11-12T20:10:46 COT" skipped="0">
  <testcase classname="com.demoblaze.test.LoginTest" name="testRegistrarUsuariosParaLogin" time="86.847"/>
  <testcase classname="com.demoblaze.test.LoginTest" name="testLoginUsuarios" time="143.543"/>
  <testcase classname="com.demoblaze.test.LoginTest" name="testLoginCredencialesInvalidas" time="4.174"/>
</testsuite> <!-- com.demoblaze.test.LoginTest -->
