<?xml version="1.0" encoding="UTF-8"?>
<!-- Generated by org.testng.reporters.JUnitReportReporter -->
<testsuite hostname="SebasPc" failures="0" tests="2" name="com.demoblaze.test.BusquedaYCarritoTest" time="107.002" errors="0" timestamp="2025-11-12T20:10:46 COT" skipped="0">
  <testcase classname="com.demoblaze.test.BusquedaYCarritoTest" name="testBuscarYAgregarProductos" time="93.922"/>
  <testcase classname="com.demoblaze.test.BusquedaYCarritoTest" name="testVerificarProductosEnCarrito" time="13.080"/>
</testsuite> <!-- com.demoblaze.test.BusquedaYCarritoTest -->
